#
# There is insufficient memory for the Java Runtime Environment to continue.
# Native memory allocation (mmap) failed to map 27262976 bytes for G1 virtual space
# Possible reasons:
#   The system is out of physical RAM or swap space
#   The process is running with CompressedOops enabled, and the Java Heap may be blocking the growth of the native heap
# Possible solutions:
#   Reduce memory load on the system
#   Increase physical memory or swap space
#   Check if swap backing store is full
#   Decrease Java heap size (-Xmx/-Xms)
#   Decrease number of Java threads
#   Decrease Java thread stack sizes (-Xss)
#   Set larger code cache with -XX:ReservedCodeCacheSize=
#   JVM is running with Zero Based Compressed Oops mode in which the Java heap is
#     placed in the first 32GB address space. The Java Heap base address is the
#     maximum limit for the native heap growth. Please use -XX:HeapBaseMinAddress
#     to set the Java Heap base and to place the Java Heap above 32GB virtual address.
# This output file may be truncated or incomplete.
#
#  Out of Memory Error (os_windows.cpp:3600), pid=15756, tid=6640
#
# JRE version: Java(TM) SE Runtime Environment (21.0+35) (build 21+35-LTS-2513)
# Java VM: Java HotSpot(TM) 64-Bit Server VM (21+35-LTS-2513, mixed mode, emulated-client, sharing, tiered, compressed oops, compressed class ptrs, g1 gc, windows-amd64)
# No core dump will be written. Minidumps are not enabled by default on client versions of Windows
#

---------------  S U M M A R Y ------------

Command Line: -XX:TieredStopAtLevel=1 -Dspring.output.ansi.enabled=always -javaagent:C:\Program Files\JetBrains\IntelliJ IDEA 2025.3.2\lib\idea_rt.jar=62115 -Dfile.encoding=UTF-8 -Dsun.stdout.encoding=UTF-8 -Dsun.stderr.encoding=UTF-8 com.arpan.placementBackend.PlacementBackendApplication

Host: Intel(R) Core(TM) 5 220U, 12 cores, 15G,  Windows 11 , 64 bit Build 26100 (10.0.26100.7920)
Time: Tue Apr 21 11:39:53 2026 India Standard Time elapsed time: 404.665907 seconds (0d 0h 6m 44s)

---------------  T H R E A D  ---------------

Current thread (0x00000229400086b0):  VMThread "VM Thread"          [id=6640, stack(0x0000003be3900000,0x0000003be3a00000) (1024K)]

Stack: [0x0000003be3900000,0x0000003be3a00000]
Native frames: (J=compiled Java code, j=interpreted, Vv=VM code, C=native code)
V  [jvm.dll+0x6c8d39]
V  [jvm.dll+0x854091]
V  [jvm.dll+0x85630e]
V  [jvm.dll+0x8569e3]
V  [jvm.dll+0x2809a6]
V  [jvm.dll+0x6c5425]
V  [jvm.dll+0x6b9e1a]
V  [jvm.dll+0x3555ba]
V  [jvm.dll+0x35d206]
V  [jvm.dll+0x3adf6e]
V  [jvm.dll+0x3ae218]
V  [jvm.dll+0x328fcc]
V  [jvm.dll+0x329057]
V  [jvm.dll+0x36d90c]
V  [jvm.dll+0x36c10d]
V  [jvm.dll+0x328741]
V  [jvm.dll+0x36b81a]
V  [jvm.dll+0x85c4e8]
V  [jvm.dll+0x85d5e4]
V  [jvm.dll+0x85db20]
V  [jvm.dll+0x85ddc3]
V  [jvm.dll+0x7fd2c8]
V  [jvm.dll+0x6c748d]
C  [ucrtbase.dll+0x37b0]
C  [KERNEL32.DLL+0x2e8d7]
C  [ntdll.dll+0x8c48c]

VM_Operation (0x0000003be5eface0): G1CollectForAllocation, mode: safepoint, requested by thread 0x00000229472beb60


---------------  P R O C E S S  ---------------

Threads class SMR info:
_java_thread_list=0x0000022947591ae0, length=27, elements={
0x000002294002cd00, 0x000002294002d910, 0x0000022940030890, 0x00000229400312f0,
0x00000229400320b0, 0x000002294003c740, 0x0000022940040460, 0x00000229401390e0,
0x00000229407f4220, 0x0000022945d2ef40, 0x000002294644c1b0, 0x00000229472d0950,
0x00000229472b8b50, 0x00000229472be4d0, 0x00000229472bca90, 0x00000229472bbd70,
0x00000229472bb6e0, 0x00000229472bc400, 0x00000229472bd120, 0x00000229472beb60,
0x00000229472bd7b0, 0x00000229472bde40, 0x0000022947121420, 0x0000022947120070,
0x0000022947121ab0, 0x00000229471234f0, 0x00000229471227d0
}

Java Threads: ( => current thread )
  0x000002294002cd00 JavaThread "Reference Handler"          daemon [_thread_blocked, id=20096, stack(0x0000003be3a00000,0x0000003be3b00000) (1024K)]
  0x000002294002d910 JavaThread "Finalizer"                  daemon [_thread_blocked, id=25552, stack(0x0000003be3b00000,0x0000003be3c00000) (1024K)]
  0x0000022940030890 JavaThread "Signal Dispatcher"          daemon [_thread_blocked, id=17872, stack(0x0000003be3c00000,0x0000003be3d00000) (1024K)]
  0x00000229400312f0 JavaThread "Attach Listener"            daemon [_thread_blocked, id=18400, stack(0x0000003be3d00000,0x0000003be3e00000) (1024K)]
  0x00000229400320b0 JavaThread "Service Thread"             daemon [_thread_blocked, id=22300, stack(0x0000003be3e00000,0x0000003be3f00000) (1024K)]
  0x000002294003c740 JavaThread "Monitor Deflation Thread"   daemon [_thread_blocked, id=20748, stack(0x0000003be3f00000,0x0000003be4000000) (1024K)]
  0x0000022940040460 JavaThread "C1 CompilerThread0"         daemon [_thread_blocked, id=19616, stack(0x0000003be4000000,0x0000003be4100000) (1024K)]
  0x00000229401390e0 JavaThread "Common-Cleaner"             daemon [_thread_blocked, id=26056, stack(0x0000003be4100000,0x0000003be4200000) (1024K)]
  0x00000229407f4220 JavaThread "Notification Thread"        daemon [_thread_blocked, id=10756, stack(0x0000003be4500000,0x0000003be4600000) (1024K)]
  0x0000022945d2ef40 JavaThread "mysql-cj-abandoned-connection-cleanup" daemon [_thread_blocked, id=20644, stack(0x0000003be5200000,0x0000003be5300000) (1024K)]
  0x000002294644c1b0 JavaThread "HikariPool-1 housekeeper"   daemon [_thread_blocked, id=10656, stack(0x0000003be5400000,0x0000003be5500000) (1024K)]
  0x00000229472d0950 JavaThread "Catalina-utility-1"                [_thread_blocked, id=12640, stack(0x0000003be5600000,0x0000003be5700000) (1024K)]
  0x00000229472b8b50 JavaThread "Catalina-utility-2"                [_thread_blocked, id=18252, stack(0x0000003be5700000,0x0000003be5800000) (1024K)]
  0x00000229472be4d0 JavaThread "container-0"                       [_thread_blocked, id=24140, stack(0x0000003be5800000,0x0000003be5900000) (1024K)]
  0x00000229472bca90 JavaThread "http-nio-8081-exec-1"       daemon [_thread_blocked, id=13328, stack(0x0000003be5900000,0x0000003be5a00000) (1024K)]
  0x00000229472bbd70 JavaThread "http-nio-8081-exec-2"       daemon [_thread_blocked, id=17140, stack(0x0000003be5a00000,0x0000003be5b00000) (1024K)]
  0x00000229472bb6e0 JavaThread "http-nio-8081-exec-3"       daemon [_thread_blocked, id=22032, stack(0x0000003be5b00000,0x0000003be5c00000) (1024K)]
  0x00000229472bc400 JavaThread "http-nio-8081-exec-4"       daemon [_thread_blocked, id=17804, stack(0x0000003be5c00000,0x0000003be5d00000) (1024K)]
  0x00000229472bd120 JavaThread "http-nio-8081-exec-5"       daemon [_thread_blocked, id=8024, stack(0x0000003be5d00000,0x0000003be5e00000) (1024K)]
  0x00000229472beb60 JavaThread "http-nio-8081-exec-6"       daemon [_thread_blocked, id=25360, stack(0x0000003be5e00000,0x0000003be5f00000) (1024K)]
  0x00000229472bd7b0 JavaThread "http-nio-8081-exec-7"       daemon [_thread_blocked, id=24520, stack(0x0000003be5f00000,0x0000003be6000000) (1024K)]
  0x00000229472bde40 JavaThread "http-nio-8081-exec-8"       daemon [_thread_blocked, id=16544, stack(0x0000003be6000000,0x0000003be6100000) (1024K)]
  0x0000022947121420 JavaThread "http-nio-8081-exec-9"       daemon [_thread_blocked, id=22972, stack(0x0000003be6100000,0x0000003be6200000) (1024K)]
  0x0000022947120070 JavaThread "http-nio-8081-exec-10"      daemon [_thread_blocked, id=19276, stack(0x0000003be6200000,0x0000003be6300000) (1024K)]
  0x0000022947121ab0 JavaThread "http-nio-8081-Poller"       daemon [_thread_blocked, id=17656, stack(0x0000003be6300000,0x0000003be6400000) (1024K)]
  0x00000229471234f0 JavaThread "http-nio-8081-Acceptor"     daemon [_thread_in_native, id=20112, stack(0x0000003be6400000,0x0000003be6500000) (1024K)]
  0x00000229471227d0 JavaThread "DestroyJavaVM"                     [_thread_blocked, id=3040, stack(0x0000003be3200000,0x0000003be3300000) (1024K)]
Total: 27

Other Threads:
=>0x00000229400086b0 VMThread "VM Thread"                           [id=6640, stack(0x0000003be3900000,0x0000003be3a00000) (1024K)]
  0x00000228fe459df0 WatcherThread "VM Periodic Task Thread"        [id=22152, stack(0x0000003be3800000,0x0000003be3900000) (1024K)]
  0x00000228f9f27070 WorkerThread "GC Thread#0"                     [id=24256, stack(0x0000003be3300000,0x0000003be3400000) (1024K)]
  0x0000022940c26eb0 WorkerThread "GC Thread#1"                     [id=17680, stack(0x0000003be4700000,0x0000003be4800000) (1024K)]
  0x0000022940c27250 WorkerThread "GC Thread#2"                     [id=1044, stack(0x0000003be4800000,0x0000003be4900000) (1024K)]
  0x0000022940c275f0 WorkerThread "GC Thread#3"                     [id=17156, stack(0x0000003be4900000,0x0000003be4a00000) (1024K)]
  0x0000022940bc10c0 WorkerThread "GC Thread#4"                     [id=26036, stack(0x0000003be4a00000,0x0000003be4b00000) (1024K)]
  0x00000229452072d0 WorkerThread "GC Thread#5"                     [id=10444, stack(0x0000003be4c00000,0x0000003be4d00000) (1024K)]
  0x0000022945207670 WorkerThread "GC Thread#6"                     [id=12900, stack(0x0000003be4d00000,0x0000003be4e00000) (1024K)]
  0x0000022945207a10 WorkerThread "GC Thread#7"                     [id=22428, stack(0x0000003be4e00000,0x0000003be4f00000) (1024K)]
  0x00000229454573e0 WorkerThread "GC Thread#8"                     [id=25392, stack(0x0000003be4b00000,0x0000003be4c00000) (1024K)]
  0x0000022945458600 WorkerThread "GC Thread#9"                     [id=25016, stack(0x0000003be4f00000,0x0000003be5000000) (1024K)]
  0x00000228f9f34a30 ConcurrentGCThread "G1 Main Marker"            [id=16020, stack(0x0000003be3400000,0x0000003be3500000) (1024K)]
  0x00000228fe2916f0 WorkerThread "G1 Conc#0"                       [id=19688, stack(0x0000003be3500000,0x0000003be3600000) (1024K)]
  0x0000022945457b20 WorkerThread "G1 Conc#1"                       [id=8060, stack(0x0000003be5000000,0x0000003be5100000) (1024K)]
  0x0000022945458260 WorkerThread "G1 Conc#2"                       [id=23324, stack(0x0000003be5100000,0x0000003be5200000) (1024K)]
  0x00000228fe32d520 ConcurrentGCThread "G1 Refine#0"               [id=17868, stack(0x0000003be3600000,0x0000003be3700000) (1024K)]
  0x00000228fe32ef40 ConcurrentGCThread "G1 Service"                [id=22140, stack(0x0000003be3700000,0x0000003be3800000) (1024K)]
Total: 18

Threads with active compile tasks:
Total: 0

VM state: at safepoint (normal execution)

VM Mutex/Monitor currently owned by a thread:  ([mutex/lock_event])
[0x00007ffdb6648548] Threads_lock - owner thread: 0x00000229400086b0
[0x00007ffdb6648648] Heap_lock - owner thread: 0x00000229472beb60

Heap address: 0x0000000708000000, size: 3968 MB, Compressed Oops mode: Zero based, Oop shift amount: 3

CDS archive(s) mapped at: [0x00000228ff000000-0x00000228ffc90000-0x00000228ffc90000), size 13172736, SharedBaseAddress: 0x00000228ff000000, ArchiveRelocationMode: 1.
Compressed class space mapped at: 0x0000022900000000-0x0000022940000000, reserved size: 1073741824
Narrow klass base: 0x00000228ff000000, Narrow klass shift: 0, Narrow klass range: 0x100000000

GC Precious Log:
 CardTable entry size: 512
 Card Set container configuration: InlinePtr #cards 4 size 8 Array Of Cards #cards 16 size 48 Howl #buckets 8 coarsen threshold 3686 Howl Bitmap #cards 512 size 80 coarsen threshold 460 Card regions per heap region 1 cards per card region 4096
 CPUs: 12 total, 12 available
 Memory: 15867M
 Large Page Support: Disabled
 NUMA Support: Disabled
 Compressed Oops: Enabled (Zero based)
 Heap Region Size: 2M
 Heap Min Capacity: 8M
 Heap Initial Capacity: 248M
 Heap Max Capacity: 3968M
 Pre-touch: Disabled
 Parallel Workers: 10
 Concurrent Workers: 3
 Concurrent Refinement Workers: 10
 Periodic GC: Disabled

Heap:
 garbage-first heap   total 129024K, used 34126K [0x0000000708000000, 0x0000000800000000)
  region size 2048K, 1 young (2048K), 1 survivors (2048K)
 Metaspace       used 70138K, committed 71296K, reserved 1114112K
  class space    used 10316K, committed 10752K, reserved 1048576K

Heap Regions: E=young(eden), S=young(survivor), O=old, HS=humongous(starts), HC=humongous(continues), CS=collection set, F=free, TAMS=top-at-mark-start, PB=parsable bottom
|   0|0x0000000708000000, 0x0000000708200000, 0x0000000708200000|100%| O|  |TAMS 0x0000000708000000| PB 0x0000000708000000| Untracked 
|   1|0x0000000708200000, 0x0000000708400000, 0x0000000708400000|100%| O|  |TAMS 0x0000000708200000| PB 0x0000000708200000| Untracked 
|   2|0x0000000708400000, 0x0000000708600000, 0x0000000708600000|100%| O|  |TAMS 0x0000000708400000| PB 0x0000000708400000| Untracked 
|   3|0x0000000708600000, 0x0000000708800000, 0x0000000708800000|100%| O|  |TAMS 0x0000000708600000| PB 0x0000000708600000| Untracked 
|   4|0x0000000708800000, 0x0000000708a00000, 0x0000000708a00000|100%| O|  |TAMS 0x0000000708800000| PB 0x0000000708800000| Untracked 
|   5|0x0000000708a00000, 0x0000000708c00000, 0x0000000708c00000|100%| O|  |TAMS 0x0000000708a00000| PB 0x0000000708a00000| Untracked 
|   6|0x0000000708c00000, 0x0000000708e00000, 0x0000000708e00000|100%| O|  |TAMS 0x0000000708c00000| PB 0x0000000708c00000| Untracked 
|   7|0x0000000708e00000, 0x0000000709000000, 0x0000000709000000|100%| O|  |TAMS 0x0000000708e00000| PB 0x0000000708e00000| Untracked 
|   8|0x0000000709000000, 0x0000000709149a60, 0x0000000709200000| 64%| O|  |TAMS 0x0000000709000000| PB 0x0000000709000000| Untracked 
|   9|0x0000000709200000, 0x0000000709400000, 0x0000000709400000|100%| O|  |TAMS 0x0000000709200000| PB 0x0000000709200000| Untracked 
|  10|0x0000000709400000, 0x0000000709400000, 0x0000000709600000|  0%| F|  |TAMS 0x0000000709400000| PB 0x0000000709400000| Untracked 
|  11|0x0000000709600000, 0x0000000709800000, 0x0000000709800000|100%| O|  |TAMS 0x0000000709600000| PB 0x0000000709600000| Untracked 
|  12|0x0000000709800000, 0x0000000709a00000, 0x0000000709a00000|100%| O|  |TAMS 0x0000000709800000| PB 0x0000000709800000| Untracked 
|  13|0x0000000709a00000, 0x0000000709c00000, 0x0000000709c00000|100%| O|  |TAMS 0x0000000709a00000| PB 0x0000000709a00000| Untracked 
|  14|0x0000000709c00000, 0x0000000709e00000, 0x0000000709e00000|100%| O|  |TAMS 0x0000000709c00000| PB 0x0000000709c00000| Untracked 
|  15|0x0000000709e00000, 0x0000000709e00000, 0x000000070a000000|  0%| F|  |TAMS 0x0000000709e00000| PB 0x0000000709e00000| Untracked 
|  16|0x000000070a000000, 0x000000070a200000, 0x000000070a200000|100%| O|  |TAMS 0x000000070a000000| PB 0x000000070a000000| Untracked 
|  17|0x000000070a200000, 0x000000070a400000, 0x000000070a400000|100%| O|  |TAMS 0x000000070a200000| PB 0x000000070a200000| Untracked 
|  18|0x000000070a400000, 0x000000070a600000, 0x000000070a600000|100%| O|  |TAMS 0x000000070a400000| PB 0x000000070a400000| Untracked 
|  19|0x000000070a600000, 0x000000070a600000, 0x000000070a800000|  0%| F|  |TAMS 0x000000070a600000| PB 0x000000070a600000| Untracked 
|  20|0x000000070a800000, 0x000000070a800000, 0x000000070aa00000|  0%| F|  |TAMS 0x000000070a800000| PB 0x000000070a800000| Untracked 
|  21|0x000000070aa00000, 0x000000070aa00000, 0x000000070ac00000|  0%| F|  |TAMS 0x000000070aa00000| PB 0x000000070aa00000| Untracked 
|  22|0x000000070ac00000, 0x000000070ac00000, 0x000000070ae00000|  0%| F|  |TAMS 0x000000070ac00000| PB 0x000000070ac00000| Untracked 
|  23|0x000000070ae00000, 0x000000070ae00000, 0x000000070b000000|  0%| F|  |TAMS 0x000000070ae00000| PB 0x000000070ae00000| Untracked 
|  24|0x000000070b000000, 0x000000070b000000, 0x000000070b200000|  0%| F|  |TAMS 0x000000070b000000| PB 0x000000070b000000| Untracked 
|  25|0x000000070b200000, 0x000000070b20a140, 0x000000070b400000|  1%| S|CS|TAMS 0x000000070b200000| PB 0x000000070b200000| Complete 
|  26|0x000000070b400000, 0x000000070b400000, 0x000000070b600000|  0%| F|  |TAMS 0x000000070b400000| PB 0x000000070b400000| Untracked 
|  27|0x000000070b600000, 0x000000070b600000, 0x000000070b800000|  0%| F|  |TAMS 0x000000070b600000| PB 0x000000070b600000| Untracked 
|  28|0x000000070b800000, 0x000000070b800000, 0x000000070ba00000|  0%| F|  |TAMS 0x000000070b800000| PB 0x000000070b800000| Untracked 
|  29|0x000000070ba00000, 0x000000070ba00000, 0x000000070bc00000|  0%| F|  |TAMS 0x000000070ba00000| PB 0x000000070ba00000| Untracked 
|  30|0x000000070bc00000, 0x000000070bc00000, 0x000000070be00000|  0%| F|  |TAMS 0x000000070bc00000| PB 0x000000070bc00000| Untracked 
|  31|0x000000070be00000, 0x000000070be00000, 0x000000070c000000|  0%| F|  |TAMS 0x000000070be00000| PB 0x000000070be00000| Untracked 
|  32|0x000000070c000000, 0x000000070c000000, 0x000000070c200000|  0%| F|  |TAMS 0x000000070c000000| PB 0x000000070c000000| Untracked 
|  33|0x000000070c200000, 0x000000070c200000, 0x000000070c400000|  0%| F|  |TAMS 0x000000070c200000| PB 0x000000070c200000| Untracked 
|  34|0x000000070c400000, 0x000000070c400000, 0x000000070c600000|  0%| F|  |TAMS 0x000000070c400000| PB 0x000000070c400000| Untracked 
|  35|0x000000070c600000, 0x000000070c600000, 0x000000070c800000|  0%| F|  |TAMS 0x000000070c600000| PB 0x000000070c600000| Untracked 
|  36|0x000000070c800000, 0x000000070c800000, 0x000000070ca00000|  0%| F|  |TAMS 0x000000070c800000| PB 0x000000070c800000| Untracked 
|  37|0x000000070ca00000, 0x000000070ca00000, 0x000000070cc00000|  0%| F|  |TAMS 0x000000070ca00000| PB 0x000000070ca00000| Untracked 
|  38|0x000000070cc00000, 0x000000070cc00000, 0x000000070ce00000|  0%| F|  |TAMS 0x000000070cc00000| PB 0x000000070cc00000| Untracked 
|  39|0x000000070ce00000, 0x000000070ce00000, 0x000000070d000000|  0%| F|  |TAMS 0x000000070ce00000| PB 0x000000070ce00000| Untracked 
|  40|0x000000070d000000, 0x000000070d000000, 0x000000070d200000|  0%| F|  |TAMS 0x000000070d000000| PB 0x000000070d000000| Untracked 
|  41|0x000000070d200000, 0x000000070d200000, 0x000000070d400000|  0%| F|  |TAMS 0x000000070d200000| PB 0x000000070d200000| Untracked 
|  42|0x000000070d400000, 0x000000070d400000, 0x000000070d600000|  0%| F|  |TAMS 0x000000070d400000| PB 0x000000070d400000| Untracked 
|  43|0x000000070d600000, 0x000000070d600000, 0x000000070d800000|  0%| F|  |TAMS 0x000000070d600000| PB 0x000000070d600000| Untracked 
|  44|0x000000070d800000, 0x000000070d800000, 0x000000070da00000|  0%| F|  |TAMS 0x000000070d800000| PB 0x000000070d800000| Untracked 
|  45|0x000000070da00000, 0x000000070da00000, 0x000000070dc00000|  0%| F|  |TAMS 0x000000070da00000| PB 0x000000070da00000| Untracked 
|  46|0x000000070dc00000, 0x000000070dc00000, 0x000000070de00000|  0%| F|  |TAMS 0x000000070dc00000| PB 0x000000070dc00000| Untracked 
|  47|0x000000070de00000, 0x000000070de00000, 0x000000070e000000|  0%| F|  |TAMS 0x000000070de00000| PB 0x000000070de00000| Untracked 
|  48|0x000000070e000000, 0x000000070e000000, 0x000000070e200000|  0%| F|  |TAMS 0x000000070e000000| PB 0x000000070e000000| Untracked 
|  49|0x000000070e200000, 0x000000070e200000, 0x000000070e400000|  0%| F|  |TAMS 0x000000070e200000| PB 0x000000070e200000| Untracked 
|  50|0x000000070e400000, 0x000000070e400000, 0x000000070e600000|  0%| F|  |TAMS 0x000000070e400000| PB 0x000000070e400000| Untracked 
|  51|0x000000070e600000, 0x000000070e600000, 0x000000070e800000|  0%| F|  |TAMS 0x000000070e600000| PB 0x000000070e600000| Untracked 
|  52|0x000000070e800000, 0x000000070e800000, 0x000000070ea00000|  0%| F|  |TAMS 0x000000070e800000| PB 0x000000070e800000| Untracked 
|  53|0x000000070ea00000, 0x000000070ea00000, 0x000000070ec00000|  0%| F|  |TAMS 0x000000070ea00000| PB 0x000000070ea00000| Untracked 
|  54|0x000000070ec00000, 0x000000070ec00000, 0x000000070ee00000|  0%| F|  |TAMS 0x000000070ec00000| PB 0x000000070ec00000| Untracked 
|  55|0x000000070ee00000, 0x000000070ee00000, 0x000000070f000000|  0%| F|  |TAMS 0x000000070ee00000| PB 0x000000070ee00000| Untracked 
|  91|0x0000000713600000, 0x0000000713600000, 0x0000000713800000|  0%| F|  |TAMS 0x0000000713600000| PB 0x0000000713600000| Untracked 
|  92|0x0000000713800000, 0x0000000713800000, 0x0000000713a00000|  0%| F|  |TAMS 0x0000000713800000| PB 0x0000000713800000| Untracked 
|  93|0x0000000713a00000, 0x0000000713a00000, 0x0000000713c00000|  0%| F|  |TAMS 0x0000000713a00000| PB 0x0000000713a00000| Untracked 
|  94|0x0000000713c00000, 0x0000000713c00000, 0x0000000713e00000|  0%| F|  |TAMS 0x0000000713c00000| PB 0x0000000713c00000| Untracked 
| 123|0x0000000717600000, 0x0000000717600000, 0x0000000717800000|  0%| F|  |TAMS 0x0000000717600000| PB 0x0000000717600000| Untracked 
|1982|0x00000007ffc00000, 0x00000007ffc00000, 0x00000007ffe00000|  0%| F|  |TAMS 0x00000007ffc00000| PB 0x00000007ffc00000| Untracked 
|1983|0x00000007ffe00000, 0x00000007ffe00000, 0x0000000800000000|  0%| F|  |TAMS 0x00000007ffe00000| PB 0x00000007ffe00000| Untracked 

Card table byte_map: [0x00000228fda30000,0x00000228fe1f0000] _byte_map_base: 0x00000228fa1f0000

Marking Bits: (CMBitMap*) 0x00000228f9f27770
 Bits: [0x0000022888390000, 0x000002288c190000)

Polling page: 0x00000228f79a0000

Metaspace:

Usage:
  Non-class:     58.42 MB used.
      Class:     10.07 MB used.
       Both:     68.49 MB used.

Virtual space:
  Non-class space:       64.00 MB reserved,      59.12 MB ( 92%) committed,  1 nodes.
      Class space:        1.00 GB reserved,      10.50 MB (  1%) committed,  1 nodes.
             Both:        1.06 GB reserved,      69.62 MB (  6%) committed. 

Chunk freelists:
   Non-Class:  4.98 MB
       Class:  5.62 MB
        Both:  10.60 MB

MaxMetaspaceSize: unlimited
CompressedClassSpaceSize: 1.00 GB
Initial GC threshold: 21.00 MB
Current GC threshold: 116.06 MB
CDS: on
 - commit_granule_bytes: 65536.
 - commit_granule_words: 8192.
 - virtual_space_node_default_size: 8388608.
 - enlarge_chunks_in_place: 1.
 - use_allocation_guard: 0.


Internal statistics:

num_allocs_failed_limit: 9.
num_arena_births: 1044.
num_arena_deaths: 390.
num_vsnodes_births: 2.
num_vsnodes_deaths: 0.
num_space_committed: 1114.
num_space_uncommitted: 0.
num_chunks_returned_to_freelist: 453.
num_chunks_taken_from_freelist: 3655.
num_chunk_merges: 119.
num_chunk_splits: 2680.
num_chunks_enlarged: 2102.
num_inconsistent_stats: 0.

CodeCache: size=49152Kb used=6083Kb max_used=17258Kb free=43068Kb
 bounds [0x00000228f9f40000, 0x00000228fb020000, 0x00000228fcf40000]
 total_blobs=2877 nmethods=2172 adapters=628
 compilation: enabled
              stopped_count=0, restarted_count=0
 full_count=0

Compilation events (20 events):
Event: 312.156 Thread 0x0000022940040460 8898       1       org.springframework.http.HttpHeaders::tokenizeQuoted (211 bytes)
Event: 312.158 Thread 0x0000022940040460 nmethod 8898 0x00000228fa300a10 code [0x00000228fa300cc0, 0x00000228fa3019a8]
Event: 337.956 Thread 0x0000022940040460 8899       1       sun.util.calendar.CalendarDate::setZone (7 bytes)
Event: 337.957 Thread 0x0000022940040460 nmethod 8899 0x00000228fa073c90 code [0x00000228fa073e20, 0x00000228fa073f40]
Event: 346.576 Thread 0x0000022940040460 8900       1       sun.util.locale.provider.TimeZoneNameUtility::retrieveDisplayNamesImpl (205 bytes)
Event: 346.577 Thread 0x0000022940040460 nmethod 8900 0x00000228fad09710 code [0x00000228fad09980, 0x00000228fad0a600]
Event: 351.708 Thread 0x0000022940040460 8901       1       sun.util.locale.provider.LocaleServiceProviderPool::getPool (48 bytes)
Event: 351.709 Thread 0x0000022940040460 nmethod 8901 0x00000228fa0aa610 code [0x00000228fa0aa7e0, 0x00000228fa0aab38]
Event: 353.774 Thread 0x0000022940040460 8902       1       java.util.Calendar::getTimeZone (31 bytes)
Event: 353.775 Thread 0x0000022940040460 nmethod 8902 0x00000228fa0a3c10 code [0x00000228fa0a3de0, 0x00000228fa0a4090]
Event: 355.056 Thread 0x0000022940040460 8903       1       org.apache.tomcat.util.http.ConcurrentDateFormat::format (41 bytes)
Event: 355.057 Thread 0x0000022940040460 nmethod 8903 0x00000228fa19de10 code [0x00000228fa19e020, 0x00000228fa19e3c0]
Event: 355.057 Thread 0x0000022940040460 8904       1       sun.util.locale.provider.TimeZoneNameUtility::retrieveDisplayName (32 bytes)
Event: 355.057 Thread 0x0000022940040460 nmethod 8904 0x00000228fa477010 code [0x00000228fa4771c0, 0x00000228fa477330]
Event: 360.076 Thread 0x0000022940040460 8905       1       java.util.TimeZone::getDisplayName (129 bytes)
Event: 360.077 Thread 0x0000022940040460 nmethod 8905 0x00000228fa05d790 code [0x00000228fa05d9e0, 0x00000228fa05e108]
Event: 360.077 Thread 0x0000022940040460 8906       1       java.util.GregorianCalendar::getTimeZone (43 bytes)
Event: 360.077 Thread 0x0000022940040460 nmethod 8906 0x00000228fa0b1110 code [0x00000228fa0b12e0, 0x00000228fa0b1690]
Event: 369.927 Thread 0x0000022940040460 8907       1       jdk.internal.loader.URLClassPath$FileLoader$1::getURL (5 bytes)
Event: 369.928 Thread 0x0000022940040460 nmethod 8907 0x00000228fa091a90 code [0x00000228fa091c20, 0x00000228fa091cf0]

GC Heap History (20 events):
Event: 228.138 GC heap after
{Heap after GC invocations=63 (full 0):
 garbage-first heap   total 129024K, used 34568K [0x0000000708000000, 0x0000000800000000)
  region size 2048K, 1 young (2048K), 1 survivors (2048K)
 Metaspace       used 70137K, committed 71296K, reserved 1114112K
  class space    used 10315K, committed 10752K, reserved 1048576K
}
Event: 230.583 GC heap before
{Heap before GC invocations=63 (full 0):
 garbage-first heap   total 129024K, used 108296K [0x0000000708000000, 0x0000000800000000)
  region size 2048K, 37 young (75776K), 1 survivors (2048K)
 Metaspace       used 70137K, committed 71296K, reserved 1114112K
  class space    used 10315K, committed 10752K, reserved 1048576K
}
Event: 230.587 GC heap after
{Heap after GC invocations=64 (full 0):
 garbage-first heap   total 129024K, used 34574K [0x0000000708000000, 0x0000000800000000)
  region size 2048K, 1 young (2048K), 1 survivors (2048K)
 Metaspace       used 70137K, committed 71296K, reserved 1114112K
  class space    used 10315K, committed 10752K, reserved 1048576K
}
Event: 233.682 GC heap before
{Heap before GC invocations=65 (full 0):
 garbage-first heap   total 129024K, used 108302K [0x0000000708000000, 0x0000000800000000)
  region size 2048K, 37 young (75776K), 1 survivors (2048K)
 Metaspace       used 70137K, committed 71296K, reserved 1114112K
  class space    used 10315K, committed 10752K, reserved 1048576K
}
Event: 233.686 GC heap after
{Heap after GC invocations=66 (full 0):
 garbage-first heap   total 129024K, used 34576K [0x0000000708000000, 0x0000000800000000)
  region size 2048K, 1 young (2048K), 1 survivors (2048K)
 Metaspace       used 70137K, committed 71296K, reserved 1114112K
  class space    used 10315K, committed 10752K, reserved 1048576K
}
Event: 243.114 GC heap before
{Heap before GC invocations=66 (full 0):
 garbage-first heap   total 129024K, used 108304K [0x0000000708000000, 0x0000000800000000)
  region size 2048K, 37 young (75776K), 1 survivors (2048K)
 Metaspace       used 70137K, committed 71296K, reserved 1114112K
  class space    used 10315K, committed 10752K, reserved 1048576K
}
Event: 243.118 GC heap after
{Heap after GC invocations=67 (full 0):
 garbage-first heap   total 129024K, used 34341K [0x0000000708000000, 0x0000000800000000)
  region size 2048K, 1 young (2048K), 1 survivors (2048K)
 Metaspace       used 70137K, committed 71296K, reserved 1114112K
  class space    used 10315K, committed 10752K, reserved 1048576K
}
Event: 280.595 GC heap before
{Heap before GC invocations=67 (full 0):
 garbage-first heap   total 129024K, used 108069K [0x0000000708000000, 0x0000000800000000)
  region size 2048K, 37 young (75776K), 1 survivors (2048K)
 Metaspace       used 70137K, committed 71296K, reserved 1114112K
  class space    used 10315K, committed 10752K, reserved 1048576K
}
Event: 280.600 GC heap after
{Heap after GC invocations=68 (full 0):
 garbage-first heap   total 129024K, used 34329K [0x0000000708000000, 0x0000000800000000)
  region size 2048K, 1 young (2048K), 1 survivors (2048K)
 Metaspace       used 70137K, committed 71296K, reserved 1114112K
  class space    used 10315K, committed 10752K, reserved 1048576K
}
Event: 302.457 GC heap before
{Heap before GC invocations=69 (full 0):
 garbage-first heap   total 129024K, used 108057K [0x0000000708000000, 0x0000000800000000)
  region size 2048K, 37 young (75776K), 1 survivors (2048K)
 Metaspace       used 70138K, committed 71296K, reserved 1114112K
  class space    used 10316K, committed 10752K, reserved 1048576K
}
Event: 302.459 GC heap after
{Heap after GC invocations=70 (full 0):
 garbage-first heap   total 129024K, used 34331K [0x0000000708000000, 0x0000000800000000)
  region size 2048K, 1 young (2048K), 1 survivors (2048K)
 Metaspace       used 70138K, committed 71296K, reserved 1114112K
  class space    used 10316K, committed 10752K, reserved 1048576K
}
Event: 309.549 GC heap before
{Heap before GC invocations=70 (full 0):
 garbage-first heap   total 129024K, used 108059K [0x0000000708000000, 0x0000000800000000)
  region size 2048K, 37 young (75776K), 1 survivors (2048K)
 Metaspace       used 70138K, committed 71296K, reserved 1114112K
  class space    used 10316K, committed 10752K, reserved 1048576K
}
Event: 309.554 GC heap after
{Heap after GC invocations=71 (full 0):
 garbage-first heap   total 129024K, used 34104K [0x0000000708000000, 0x0000000800000000)
  region size 2048K, 1 young (2048K), 1 survivors (2048K)
 Metaspace       used 70138K, committed 71296K, reserved 1114112K
  class space    used 10316K, committed 10752K, reserved 1048576K
}
Event: 326.799 GC heap before
{Heap before GC invocations=71 (full 0):
 garbage-first heap   total 129024K, used 107832K [0x0000000708000000, 0x0000000800000000)
  region size 2048K, 37 young (75776K), 1 survivors (2048K)
 Metaspace       used 70138K, committed 71296K, reserved 1114112K
  class space    used 10316K, committed 10752K, reserved 1048576K
}
Event: 326.801 GC heap after
{Heap after GC invocations=72 (full 0):
 garbage-first heap   total 129024K, used 34094K [0x0000000708000000, 0x0000000800000000)
  region size 2048K, 1 young (2048K), 1 survivors (2048K)
 Metaspace       used 70138K, committed 71296K, reserved 1114112K
  class space    used 10316K, committed 10752K, reserved 1048576K
}
Event: 356.587 GC heap before
{Heap before GC invocations=73 (full 0):
 garbage-first heap   total 129024K, used 107822K [0x0000000708000000, 0x0000000800000000)
  region size 2048K, 37 young (75776K), 1 survivors (2048K)
 Metaspace       used 70138K, committed 71296K, reserved 1114112K
  class space    used 10316K, committed 10752K, reserved 1048576K
}
Event: 356.588 GC heap after
{Heap after GC invocations=74 (full 0):
 garbage-first heap   total 129024K, used 34126K [0x0000000708000000, 0x0000000800000000)
  region size 2048K, 1 young (2048K), 1 survivors (2048K)
 Metaspace       used 70138K, committed 71296K, reserved 1114112K
  class space    used 10316K, committed 10752K, reserved 1048576K
}
Event: 373.390 GC heap before
{Heap before GC invocations=74 (full 0):
 garbage-first heap   total 129024K, used 107854K [0x0000000708000000, 0x0000000800000000)
  region size 2048K, 37 young (75776K), 1 survivors (2048K)
 Metaspace       used 70138K, committed 71296K, reserved 1114112K
  class space    used 10316K, committed 10752K, reserved 1048576K
}
Event: 373.392 GC heap after
{Heap after GC invocations=75 (full 0):
 garbage-first heap   total 129024K, used 34145K [0x0000000708000000, 0x0000000800000000)
  region size 2048K, 1 young (2048K), 1 survivors (2048K)
 Metaspace       used 70138K, committed 71296K, reserved 1114112K
  class space    used 10316K, committed 10752K, reserved 1048576K
}
Event: 402.653 GC heap before
{Heap before GC invocations=76 (full 0):
 garbage-first heap   total 129024K, used 107873K [0x0000000708000000, 0x0000000800000000)
  region size 2048K, 37 young (75776K), 1 survivors (2048K)
 Metaspace       used 70138K, committed 71296K, reserved 1114112K
  class space    used 10316K, committed 10752K, reserved 1048576K
}

Dll operation events (12 events):
Event: 0.035 Loaded shared library C:\Program Files\Java\jdk-21\bin\java.dll
Event: 0.267 Loaded shared library C:\Program Files\Java\jdk-21\bin\zip.dll
Event: 0.276 Loaded shared library C:\Program Files\Java\jdk-21\bin\instrument.dll
Event: 0.288 Loaded shared library C:\Program Files\Java\jdk-21\bin\net.dll
Event: 0.295 Loaded shared library C:\Program Files\Java\jdk-21\bin\nio.dll
Event: 0.301 Loaded shared library C:\Program Files\Java\jdk-21\bin\zip.dll
Event: 0.540 Loaded shared library C:\Program Files\Java\jdk-21\bin\extnet.dll
Event: 0.590 Loaded shared library C:\Program Files\Java\jdk-21\bin\verify.dll
Event: 0.604 Loaded shared library C:\Program Files\Java\jdk-21\bin\jimage.dll
Event: 2.606 Loaded shared library C:\Program Files\Java\jdk-21\bin\sunmscapi.dll
Event: 4.177 Loaded shared library C:\Program Files\Java\jdk-21\bin\management.dll
Event: 4.180 Loaded shared library C:\Program Files\Java\jdk-21\bin\management_ext.dll

Deoptimization events (10 events):
Event: 1.853 Thread 0x00000228f7716120 DEOPT PACKING pc=0x00000228fa48bf61 sp=0x0000003be32fd640
Event: 1.853 Thread 0x00000228f7716120 DEOPT UNPACKING pc=0x00000228f9f94e42 sp=0x0000003be32fcb20 mode 3
Event: 2.156 Thread 0x00000228f7716120 DEOPT PACKING pc=0x00000228fa5022dd sp=0x0000003be32fdc50
Event: 2.156 Thread 0x00000228f7716120 DEOPT UNPACKING pc=0x00000228f9f94e42 sp=0x0000003be32fd0f8 mode 3
Event: 4.982 Thread 0x00000228f7716120 DEOPT PACKING pc=0x00000228fa8230a5 sp=0x0000003be32f6790
Event: 4.982 Thread 0x00000228f7716120 DEOPT UNPACKING pc=0x00000228f9f94e42 sp=0x0000003be32f5cf8 mode 3
Event: 6.734 Thread 0x00000228f7716120 DEOPT PACKING pc=0x00000228fa4e5dd4 sp=0x0000003be32fb4a0
Event: 6.734 Thread 0x00000228f7716120 DEOPT UNPACKING pc=0x00000228f9f94e42 sp=0x0000003be32fa9f8 mode 0
Event: 6.958 Thread 0x00000228f7716120 DEOPT PACKING pc=0x00000228fa5a4249 sp=0x0000003be32fcf70
Event: 6.958 Thread 0x00000228f7716120 DEOPT UNPACKING pc=0x00000228f9f94e42 sp=0x0000003be32fc478 mode 3

Classes loaded (20 events):
Event: 126.038 Loading class java/util/spi/ResourceBundleProvider
Event: 126.038 Loading class java/util/spi/ResourceBundleProvider done
Event: 126.038 Loading class sun/util/resources/LocaleData$LocaleDataResourceBundleProvider done
Event: 126.038 Loading class sun/util/resources/LocaleData$CommonResourceBundleProvider done
Event: 126.038 Loading class java/util/ArrayList$SubList$1
Event: 126.039 Loading class java/util/ArrayList$SubList$1 done
Event: 126.039 Loading class sun/util/resources/Bundles$2
Event: 126.088 Loading class sun/util/resources/Bundles$2 done
Event: 126.138 Loading class java/util/stream/ReferencePipeline$4
Event: 126.138 Loading class java/util/stream/ReferencePipeline$4 done
Event: 126.138 Loading class java/util/function/IntBinaryOperator
Event: 126.138 Loading class java/util/function/IntBinaryOperator done
Event: 126.139 Loading class java/util/stream/ReduceOps$7
Event: 126.139 Loading class java/util/stream/ReduceOps$7 done
Event: 126.139 Loading class java/util/stream/ReduceOps$6ReducingSink
Event: 126.140 Loading class java/util/stream/ReduceOps$6ReducingSink done
Event: 126.140 Loading class java/util/stream/ReferencePipeline$4$1
Event: 126.140 Loading class java/util/stream/ReferencePipeline$4$1 done
Event: 300.761 Loading class sun/net/ConnectionResetException
Event: 300.761 Loading class sun/net/ConnectionResetException done

Classes unloaded (20 events):
Event: 188.220 Thread 0x00000229400086b0 Unloading class 0x00000229009b9400 'java/lang/invoke/LambdaForm$MH+0x00000229009b9400'
Event: 188.221 Thread 0x00000229400086b0 Unloading class 0x00000229009b8c00 'java/lang/invoke/LambdaForm$MH+0x00000229009b8c00'
Event: 188.221 Thread 0x00000229400086b0 Unloading class 0x00000229009b8800 'java/lang/invoke/LambdaForm$MH+0x00000229009b8800'
Event: 188.221 Thread 0x00000229400086b0 Unloading class 0x00000229009b8400 'java/lang/invoke/LambdaForm$MH+0x00000229009b8400'
Event: 188.221 Thread 0x00000229400086b0 Unloading class 0x000002290099e000 'java/lang/invoke/LambdaForm$MH+0x000002290099e000'
Event: 188.221 Thread 0x00000229400086b0 Unloading class 0x000002290099dc00 'java/lang/invoke/LambdaForm$MH+0x000002290099dc00'
Event: 188.221 Thread 0x00000229400086b0 Unloading class 0x000002290099d800 'java/lang/invoke/LambdaForm$MH+0x000002290099d800'
Event: 188.221 Thread 0x00000229400086b0 Unloading class 0x000002290099c800 'java/lang/invoke/LambdaForm$MH+0x000002290099c800'
Event: 188.221 Thread 0x00000229400086b0 Unloading class 0x000002290099c400 'java/lang/invoke/LambdaForm$MH+0x000002290099c400'
Event: 188.221 Thread 0x00000229400086b0 Unloading class 0x000002290099c000 'java/lang/invoke/LambdaForm$MH+0x000002290099c000'
Event: 188.221 Thread 0x00000229400086b0 Unloading class 0x0000022900995400 'java/lang/invoke/LambdaForm$MH+0x0000022900995400'
Event: 188.221 Thread 0x00000229400086b0 Unloading class 0x0000022900995000 'java/lang/invoke/LambdaForm$MH+0x0000022900995000'
Event: 188.221 Thread 0x00000229400086b0 Unloading class 0x0000022900994400 'java/lang/invoke/LambdaForm$MH+0x0000022900994400'
Event: 188.221 Thread 0x00000229400086b0 Unloading class 0x0000022900994000 'java/lang/invoke/LambdaForm$MH+0x0000022900994000'
Event: 188.221 Thread 0x00000229400086b0 Unloading class 0x0000022900981400 'java/lang/invoke/LambdaForm$MH+0x0000022900981400'
Event: 188.221 Thread 0x00000229400086b0 Unloading class 0x0000022900981000 'java/lang/invoke/LambdaForm$MH+0x0000022900981000'
Event: 188.221 Thread 0x00000229400086b0 Unloading class 0x0000022900980c00 'java/lang/invoke/LambdaForm$MH+0x0000022900980c00'
Event: 188.221 Thread 0x00000229400086b0 Unloading class 0x0000022900980800 'java/lang/invoke/LambdaForm$MH+0x0000022900980800'
Event: 188.221 Thread 0x00000229400086b0 Unloading class 0x0000022900980400 'java/lang/invoke/LambdaForm$MH+0x0000022900980400'
Event: 188.221 Thread 0x00000229400086b0 Unloading class 0x00000229003a0c00 'java/lang/invoke/LambdaForm$MH+0x00000229003a0c00'

Classes redefined (0 events):
No events

Internal exceptions (20 events):
Event: 6.594 Thread 0x00000228f7716120 Exception <a 'java/lang/IncompatibleClassChangeError'{0x000000070b3f10f0}: Found class java.lang.Object, but interface was expected> (0x000000070b3f10f0) 
thrown [s\open\src\hotspot\share\interpreter\linkResolver.cpp, line 840]
Event: 6.601 Thread 0x00000228f7716120 Exception <a 'java/lang/IncompatibleClassChangeError'{0x000000070b06aec8}: Found class java.lang.Object, but interface was expected> (0x000000070b06aec8) 
thrown [s\open\src\hotspot\share\interpreter\linkResolver.cpp, line 840]
Event: 6.632 Thread 0x00000228f7716120 Exception <a 'java/lang/IncompatibleClassChangeError'{0x000000070ae28798}: Found class java.lang.Object, but interface was expected> (0x000000070ae28798) 
thrown [s\open\src\hotspot\share\interpreter\linkResolver.cpp, line 840]
Event: 6.777 Thread 0x00000228f7716120 Exception <a 'java/lang/IncompatibleClassChangeError'{0x0000000713bbcfb8}: Found class java.lang.Object, but interface was expected> (0x0000000713bbcfb8) 
thrown [s\open\src\hotspot\share\interpreter\linkResolver.cpp, line 840]
Event: 6.871 Thread 0x00000228f7716120 Exception <a 'java/lang/IncompatibleClassChangeError'{0x000000070cb05e60}: Found class java.lang.Object, but interface was expected> (0x000000070cb05e60) 
thrown [s\open\src\hotspot\share\interpreter\linkResolver.cpp, line 840]
Event: 7.003 Thread 0x00000228f7716120 Exception <a 'java/lang/NoSuchMethodError'{0x000000070c4db368}: 'long java.lang.invoke.DirectMethodHandle$Holder.invokeVirtual(java.lang.Object, java.lang.Object)'> (0x000000070c4db368) 
thrown [s\open\src\hotspot\share\interpreter\linkResolver.cpp, line 773]
Event: 8.195 Thread 0x00000228f7716120 Exception <a 'sun/nio/fs/WindowsException'{0x0000000713d3e1f0}> (0x0000000713d3e1f0) 
thrown [s\open\src\hotspot\share\prims\jni.cpp, line 520]
Event: 8.276 Thread 0x00000228f7716120 Exception <a 'java/lang/NoSuchMethodError'{0x000000070edc07e8}: 'java.lang.Object java.lang.invoke.DirectMethodHandle$Holder.newInvokeSpecial(java.lang.Object, java.lang.Object, java.lang.Object, java.lang.Object, java.lang.Object, java.lang.Object, java.lang.Object, java.lang.Object)'> (0x000000070edc07e8) 
thrown [s\open\src\hotspot\share\interpreter\linkResolver.cpp, line 773]
Event: 8.488 Thread 0x00000228f7716120 Exception <a 'java/lang/IncompatibleClassChangeError'{0x000000070dffe628}: Found class java.lang.Object, but interface was expected> (0x000000070dffe628) 
thrown [s\open\src\hotspot\share\interpreter\linkResolver.cpp, line 840]
Event: 8.592 Thread 0x00000228f7716120 Exception <a 'java/lang/NoSuchMethodError'{0x000000070d7913e0}: 'java.lang.Object java.lang.invoke.DirectMethodHandle$Holder.invokeInterface(java.lang.Object, java.lang.Object, java.lang.Object, java.lang.Object)'> (0x000000070d7913e0) 
thrown [s\open\src\hotspot\share\interpreter\linkResolver.cpp, line 773]
Event: 8.637 Thread 0x00000228f7716120 Exception <a 'java/lang/NoSuchMethodError'{0x000000070d289298}: 'void java.lang.invoke.DirectMethodHandle$Holder.invokeVirtual(java.lang.Object, java.lang.Object, long)'> (0x000000070d289298) 
thrown [s\open\src\hotspot\share\interpreter\linkResolver.cpp, line 773]
Event: 8.701 Thread 0x00000228f7716120 Exception <a 'java/lang/NoSuchMethodError'{0x000000070cf11008}: 'int java.lang.invoke.DirectMethodHandle$Holder.invokeStaticInit(java.lang.Object, java.lang.Object, java.lang.Object, java.lang.Object)'> (0x000000070cf11008) 
thrown [s\open\src\hotspot\share\interpreter\linkResolver.cpp, line 773]
Event: 8.730 Thread 0x00000228f7716120 Exception <a 'java/lang/IncompatibleClassChangeError'{0x000000070ccaea58}: Found class java.lang.Object, but interface was expected> (0x000000070ccaea58) 
thrown [s\open\src\hotspot\share\interpreter\linkResolver.cpp, line 840]
Event: 8.815 Thread 0x00000228f7716120 Exception <a 'java/lang/NoSuchMethodError'{0x000000070c7169b0}: 'java.lang.Object java.lang.invoke.DirectMethodHandle$Holder.newInvokeSpecial(java.lang.Object, java.lang.Object, int, java.lang.Object, java.lang.Object)'> (0x000000070c7169b0) 
thrown [s\open\src\hotspot\share\interpreter\linkResolver.cpp, line 773]
Event: 8.816 Thread 0x00000228f7716120 Exception <a 'java/lang/NoSuchMethodError'{0x000000070c721480}: 'java.lang.Object java.lang.invoke.DirectMethodHandle$Holder.invokeSpecial(java.lang.Object, java.lang.Object, int, java.lang.Object, int, java.lang.Object)'> (0x000000070c721480) 
thrown [s\open\src\hotspot\share\interpreter\linkResolver.cpp, line 773]
Event: 8.816 Thread 0x00000228f7716120 Exception <a 'java/lang/NoSuchMethodError'{0x000000070c7285a0}: 'java.lang.Object java.lang.invoke.DirectMethodHandle$Holder.newInvokeSpecial(java.lang.Object, java.lang.Object, int, java.lang.Object, int)'> (0x000000070c7285a0) 
thrown [s\open\src\hotspot\share\interpreter\linkResolver.cpp, line 773]
Event: 8.816 Thread 0x00000228f7716120 Exception <a 'java/lang/NoSuchMethodError'{0x000000070c72c410}: 'java.lang.Object java.lang.invoke.DirectMethodHandle$Holder.invokeSpecial(java.lang.Object, java.lang.Object, java.lang.Object, int, java.lang.Object, int)'> (0x000000070c72c410) 
thrown [s\open\src\hotspot\share\interpreter\linkResolver.cpp, line 773]
Event: 124.903 Thread 0x00000229472bb6e0 Exception <a 'java/lang/NoSuchMethodError'{0x000000070c0b80b8}: 'java.lang.Object java.lang.invoke.DirectMethodHandle$Holder.invokeSpecial(java.lang.Object, java.lang.Object, java.lang.Object, java.lang.Object, java.lang.Object, long)'> (0x000000070c0b80b8) 
thrown [s\open\src\hotspot\share\interpreter\linkResolver.cpp, line 773]
Event: 124.903 Thread 0x00000229472bb6e0 Exception <a 'java/lang/NoSuchMethodError'{0x000000070c0bb878}: 'java.lang.Object java.lang.invoke.Invokers$Holder.linkToTargetMethod(java.lang.Object, java.lang.Object, java.lang.Object, long, java.lang.Object)'> (0x000000070c0bb878) 
thrown [s\open\src\hotspot\share\interpreter\linkResolver.cpp, line 773]
Event: 300.761 Thread 0x00000229407f3bb0 Exception <a 'sun/net/ConnectionResetException'{0x000000070e1021b0}: Connection reset> (0x000000070e1021b0) 
thrown [s\open\src\hotspot\share\prims\jni.cpp, line 539]

ZGC Phase Switch (0 events):
No events

VM Operations (20 events):
Event: 326.801 Executing VM operation: G1CollectForAllocation (G1 Evacuation Pause) done
Event: 326.840 Executing VM operation: G1PauseRemark
Event: 326.851 Executing VM operation: G1PauseRemark done
Event: 326.870 Executing VM operation: G1PauseCleanup
Event: 326.871 Executing VM operation: G1PauseCleanup done
Event: 356.587 Executing VM operation: G1CollectForAllocation (G1 Evacuation Pause)
Event: 356.588 Executing VM operation: G1CollectForAllocation (G1 Evacuation Pause) done
Event: 360.830 Executing VM operation: HandshakeAllThreads (HandshakeForDeflation)
Event: 360.830 Executing VM operation: HandshakeAllThreads (HandshakeForDeflation) done
Event: 360.830 Executing VM operation: RendezvousGCThreads
Event: 360.830 Executing VM operation: RendezvousGCThreads done
Event: 373.390 Executing VM operation: G1CollectForAllocation (G1 Evacuation Pause)
Event: 373.392 Executing VM operation: G1CollectForAllocation (G1 Evacuation Pause) done
Event: 373.419 Executing VM operation: G1PauseRemark
Event: 373.422 Executing VM operation: G1PauseRemark done
Event: 373.433 Executing VM operation: G1PauseCleanup
Event: 373.433 Executing VM operation: G1PauseCleanup done
Event: 375.439 Executing VM operation: Cleanup
Event: 375.439 Executing VM operation: Cleanup done
Event: 402.653 Executing VM operation: G1CollectForAllocation (G1 Evacuation Pause)

Events (20 events):
Event: 230.642 Thread 0x00000229400086b0 flushing nmethod 0x00000228fa0c9990
Event: 230.642 Thread 0x00000229400086b0 flushing nmethod 0x00000228fa0aa610
Event: 230.642 Thread 0x00000229400086b0 flushing nmethod 0x00000228fa0a0790
Event: 230.642 Thread 0x00000229400086b0 flushing nmethod 0x00000228fa076a10
Event: 280.668 Thread 0x00000229400086b0 flushing nmethod 0x00000228fad93b10
Event: 280.669 Thread 0x00000229400086b0 flushing nmethod 0x00000228fad21010
Event: 280.669 Thread 0x00000229400086b0 flushing nmethod 0x00000228fa465390
Event: 280.669 Thread 0x00000229400086b0 flushing nmethod 0x00000228fa3c6510
Event: 280.669 Thread 0x00000229400086b0 flushing nmethod 0x00000228fa234d10
Event: 280.669 Thread 0x00000229400086b0 flushing nmethod 0x00000228fa232810
Event: 280.669 Thread 0x00000229400086b0 flushing nmethod 0x00000228fa1b0490
Event: 280.669 Thread 0x00000229400086b0 flushing nmethod 0x00000228fa10d310
Event: 280.669 Thread 0x00000229400086b0 flushing nmethod 0x00000228fa10c290
Event: 280.669 Thread 0x00000229400086b0 flushing nmethod 0x00000228fa104b10
Event: 280.669 Thread 0x00000229400086b0 flushing nmethod 0x00000228fa104810
Event: 280.669 Thread 0x00000229400086b0 flushing nmethod 0x00000228fa091a90
Event: 280.669 Thread 0x00000229400086b0 flushing nmethod 0x00000228fa073c90
Event: 280.669 Thread 0x00000229400086b0 flushing nmethod 0x00000228fa067c90
Event: 280.669 Thread 0x00000229400086b0 flushing nmethod 0x00000228fa052f90
Event: 300.762 Thread 0x00000229407f3bb0 Thread exited: 0x00000229407f3bb0


Dynamic libraries:
0x00007ff673ef0000 - 0x00007ff673f00000 	C:\Program Files\Java\jdk-21\bin\java.exe
0x00007ffde8bc0000 - 0x00007ffde8e27000 	C:\Windows\SYSTEM32\ntdll.dll
0x00007ffde8ab0000 - 0x00007ffde8b79000 	C:\Windows\System32\KERNEL32.DLL
0x00007ffde6360000 - 0x00007ffde6751000 	C:\Windows\System32\KERNELBASE.dll
0x00007ffde54a0000 - 0x00007ffde55eb000 	C:\Windows\System32\ucrtbase.dll
0x00007ffdb6a30000 - 0x00007ffdb6a49000 	C:\Program Files\Java\jdk-21\bin\jli.dll
0x00007ffde6e30000 - 0x00007ffde6eeb000 	C:\Windows\System32\ADVAPI32.dll
0x00007ffde86b0000 - 0x00007ffde8759000 	C:\Windows\System32\msvcrt.dll
0x00007ffde7be0000 - 0x00007ffde7c87000 	C:\Windows\System32\sechost.dll
0x00007ffde6ac0000 - 0x00007ffde6bd8000 	C:\Windows\System32\RPCRT4.dll
0x00007ffde87d0000 - 0x00007ffde8995000 	C:\Windows\System32\USER32.dll
0x00007ffde6150000 - 0x00007ffde6177000 	C:\Windows\System32\win32u.dll
0x00007ffde7bb0000 - 0x00007ffde7bdb000 	C:\Windows\System32\GDI32.dll
0x00007ffde6230000 - 0x00007ffde635b000 	C:\Windows\System32\gdi32full.dll
0x00007ffde6180000 - 0x00007ffde6223000 	C:\Windows\System32\msvcp_win.dll
0x00007ffdb6a10000 - 0x00007ffdb6a2b000 	C:\Program Files\Java\jdk-21\bin\VCRUNTIME140.dll
0x00007ffde4440000 - 0x00007ffde46d3000 	C:\Windows\WinSxS\amd64_microsoft.windows.common-controls_6595b64144ccf1df_6.0.26100.8037_none_3e092faae333b53b\COMCTL32.dll
0x00007ffdd54d0000 - 0x00007ffdd54db000 	C:\Windows\SYSTEM32\VERSION.dll
0x00007ffde85a0000 - 0x00007ffde85d1000 	C:\Windows\System32\IMM32.DLL
0x00007ffd4eea0000 - 0x00007ffd4f04c000 	C:\Program Files\Zscaler\ZDP\ZDPPrint64.dll
0x00007ffde4ab0000 - 0x00007ffde4ae6000 	C:\Windows\SYSTEM32\ntmarta.dll
0x00007ffde5180000 - 0x00007ffde52d9000 	C:\Program Files\Avecto\Privilege Guard Client\PGHook.dll
0x00007ffdb69d0000 - 0x00007ffdb69dc000 	C:\Program Files\Java\jdk-21\bin\vcruntime140_1.dll
0x00007ffdb6730000 - 0x00007ffdb67be000 	C:\Program Files\Java\jdk-21\bin\msvcp140.dll
0x00007ffdb5a10000 - 0x00007ffdb6723000 	C:\Program Files\Java\jdk-21\bin\server\jvm.dll
0x00007ffde80e0000 - 0x00007ffde8154000 	C:\Windows\System32\WS2_32.dll
0x00007ffde5300000 - 0x00007ffde535e000 	C:\Windows\SYSTEM32\POWRPROF.dll
0x00007ffdde830000 - 0x00007ffdde865000 	C:\Windows\SYSTEM32\WINMM.dll
0x00007ffde52e0000 - 0x00007ffde52f4000 	C:\Windows\SYSTEM32\UMPDC.dll
0x00007ffde3670000 - 0x00007ffde368b000 	C:\Windows\SYSTEM32\kernel.appcore.dll
0x00007ffdb5a00000 - 0x00007ffdb5a0a000 	C:\Program Files\Java\jdk-21\bin\jimage.dll
0x00007ffde4b60000 - 0x00007ffde4da2000 	C:\Windows\SYSTEM32\DBGHELP.DLL
0x00000228f92b0000 - 0x00000228f9632000 	C:\Windows\System32\combase.dll
0x00007ffde8160000 - 0x00007ffde8237000 	C:\Windows\System32\OLEAUT32.dll
0x00007ffde49e0000 - 0x00007ffde4a1b000 	C:\Windows\SYSTEM32\dbgcore.DLL
0x00000228f7c10000 - 0x00000228f7cb5000 	C:\Windows\System32\bcryptPrimitives.dll
0x00007ffdce670000 - 0x00007ffdce67f000 	C:\Program Files\Java\jdk-21\bin\instrument.dll
0x00007ffdb5990000 - 0x00007ffdb59af000 	C:\Program Files\Java\jdk-21\bin\java.dll
0x00007ffde7380000 - 0x00007ffde7adf000 	C:\Windows\System32\SHELL32.dll
0x00007ffde5fe0000 - 0x00007ffde614a000 	C:\Windows\System32\wintypes.dll
0x00007ffde5770000 - 0x00007ffde5fd4000 	C:\Windows\System32\windows.storage.dll
0x0000022940510000 - 0x0000022940607000 	C:\Windows\System32\SHCORE.dll
0x00007ffde8070000 - 0x00007ffde80d7000 	C:\Windows\System32\shlwapi.dll
0x00007ffde53c0000 - 0x00007ffde53e9000 	C:\Windows\SYSTEM32\profapi.dll
0x00007ffdb57b0000 - 0x00007ffdb57c8000 	C:\Program Files\Java\jdk-21\bin\zip.dll
0x00007ffdb5810000 - 0x00007ffdb5820000 	C:\Program Files\Java\jdk-21\bin\net.dll
0x00007ffde3690000 - 0x00007ffde37b7000 	C:\Windows\SYSTEM32\WINHTTP.dll
0x00007ffde3cb0000 - 0x00007ffde3d1b000 	C:\Windows\system32\mswsock.dll
0x00007ffdb57d0000 - 0x00007ffdb57e6000 	C:\Program Files\Java\jdk-21\bin\nio.dll
0x00007ffdc7e30000 - 0x00007ffdc7e37000 	C:\Program Files\Java\jdk-21\bin\extnet.dll
0x00007ffdae840000 - 0x00007ffdae850000 	C:\Program Files\Java\jdk-21\bin\verify.dll
0x00007ffdae830000 - 0x00007ffdae83e000 	C:\Program Files\Java\jdk-21\bin\sunmscapi.dll
0x00007ffde55f0000 - 0x00007ffde5767000 	C:\Windows\System32\CRYPT32.dll
0x00007ffde4400000 - 0x00007ffde4430000 	C:\Windows\SYSTEM32\ncrypt.dll
0x00007ffde43b0000 - 0x00007ffde43ef000 	C:\Windows\SYSTEM32\NTASN1.dll
0x00007ffde4ed0000 - 0x00007ffde4eeb000 	C:\Windows\SYSTEM32\CRYPTSP.dll
0x00007ffde4180000 - 0x00007ffde41b9000 	C:\Windows\system32\rsaenh.dll
0x00007ffde3d20000 - 0x00007ffde3d52000 	C:\Windows\SYSTEM32\USERENV.dll
0x00007ffde5390000 - 0x00007ffde53ba000 	C:\Windows\SYSTEM32\bcrypt.dll
0x00007ffde4170000 - 0x00007ffde417c000 	C:\Windows\SYSTEM32\CRYPTBASE.dll
0x00007ffde2e80000 - 0x00007ffde2eb3000 	C:\Windows\SYSTEM32\IPHLPAPI.DLL
0x00007ffde89a0000 - 0x00007ffde89aa000 	C:\Windows\System32\NSI.dll
0x00007ffdadb40000 - 0x00007ffdadb4a000 	C:\Program Files\Java\jdk-21\bin\management.dll
0x00007ffdadb30000 - 0x00007ffdadb3b000 	C:\Program Files\Java\jdk-21\bin\management_ext.dll
0x00007ffde7b70000 - 0x00007ffde7b78000 	C:\Windows\System32\PSAPI.DLL
0x00007ffde2ec0000 - 0x00007ffde2fea000 	C:\Windows\SYSTEM32\DNSAPI.dll
0x00007ffdd5a10000 - 0x00007ffdd5a1b000 	C:\Windows\System32\rasadhlp.dll
0x00007ffdde4a0000 - 0x00007ffdde526000 	C:\Windows\System32\fwpuclnt.dll
0x00007ffdadb50000 - 0x00007ffdadb58000 	C:\Windows\system32\wshunix.dll

dbghelp: loaded successfully - version: 4.0.5 - missing functions: none
symbol engine: initialized successfully - sym options: 0x614 - pdb path: .;C:\Program Files\Java\jdk-21\bin;C:\Windows\SYSTEM32;C:\Windows\WinSxS\amd64_microsoft.windows.common-controls_6595b64144ccf1df_6.0.26100.8037_none_3e092faae333b53b;C:\Program Files\Zscaler\ZDP;C:\Program Files\Avecto\Privilege Guard Client;C:\Program Files\Java\jdk-21\bin\server

VM Arguments:
jvm_args: -XX:TieredStopAtLevel=1 -Dspring.output.ansi.enabled=always -javaagent:C:\Program Files\JetBrains\IntelliJ IDEA 2025.3.2\lib\idea_rt.jar=62115 -Dfile.encoding=UTF-8 -Dsun.stdout.encoding=UTF-8 -Dsun.stderr.encoding=UTF-8 
java_command: com.arpan.placementBackend.PlacementBackendApplication
java_class_path (initial): C:\Users\2484894\Downloads\placementBackend\placementBackend\target\classes;C:\Users\2484894\.m2\repository\org\springframework\boot\spring-boot-starter-web\3.2.3\spring-boot-starter-web-3.2.3.jar;C:\Users\2484894\.m2\repository\org\springframework\boot\spring-boot-starter\3.2.3\spring-boot-starter-3.2.3.jar;C:\Users\2484894\.m2\repository\org\springframework\boot\spring-boot\3.2.3\spring-boot-3.2.3.jar;C:\Users\2484894\.m2\repository\org\springframework\boot\spring-boot-autoconfigure\3.2.3\spring-boot-autoconfigure-3.2.3.jar;C:\Users\2484894\.m2\repository\org\springframework\boot\spring-boot-starter-logging\3.2.3\spring-boot-starter-logging-3.2.3.jar;C:\Users\2484894\.m2\repository\ch\qos\logback\logback-classic\1.4.14\logback-classic-1.4.14.jar;C:\Users\2484894\.m2\repository\ch\qos\logback\logback-core\1.4.14\logback-core-1.4.14.jar;C:\Users\2484894\.m2\repository\org\apache\logging\log4j\log4j-to-slf4j\2.21.1\log4j-to-slf4j-2.21.1.jar;C:\Users\2484894\.m2\repository\org\apache\logging\log4j\log4j-api\2.21.1\log4j-api-2.21.1.jar;C:\Users\2484894\.m2\repository\org\slf4j\jul-to-slf4j\2.0.12\jul-to-slf4j-2.0.12.jar;C:\Users\2484894\.m2\repository\jakarta\annotation\jakarta.annotation-api\2.1.1\jakarta.annotation-api-2.1.1.jar;C:\Users\2484894\.m2\repository\org\yaml\snakeyaml\2.2\snakeyaml-2.2.jar;C:\Users\2484894\.m2\repository\org\springframework\boot\spring-boot-starter-json\3.2.3\spring-boot-starter-json-3.2.3.jar;C:\Users\2484894\.m2\repository\com\fasterxml\jackson\datatype\jackson-datatype-jdk8\2.15.4\jackson-datatype-jdk8-2.15.4.jar;C:\Users\2484894\.m2\repository\com\fasterxml\jackson\datatype\jackson-datatype-jsr310\2.15.4\jackson-datatype-jsr310-2.15.4.jar;C:\Users\2484894\.m2\repository\com\fasterxml\jackson\module\jackson-module-parameter-names\2.15.4\jackson-module-parameter-names-2.15.4.jar;C:\Users\2484894\.m2\repository\org\springframework\boot\spring-boot-starter-tomcat\3.2.3\spring-boot-starter-tomcat-3.2.3.jar;C:\Users\2484894\.m2\repository\org\apache\tomcat\embed\tomcat-embed-core\10.1.19\tomcat-embed-core-10.1.19.jar;C:\Users\2484894\.m2\repository\org\apache\tomcat\embed\tomcat-embed-websocket\10.1.19\tomcat-embed-websocket-10.1.19.jar;C:\Users\2484894\.m2\repository\org\springframework\spring-web\6.1.4\spring-web-6.1.4.jar;C:\Users\2484894\.m2\repository\org\springframework\spring-beans\6.1.4\spring-beans-6.1.4.jar;C:\Users\2484894\.m2\repository\io\micrometer\micrometer-observation\1.12.3\micrometer-observation-1.12.3.jar;C:\Users\2484894\.m2\repository\io\micrometer\micrometer-commons\1.12.3\micrometer-commons-1.12.3.jar;C:\Users\2484894\.m2\repository\org\springframework\spring-webmvc\6.1.4\spring-webmvc-6.1.4.jar;C:\Users\2484894\.m2\repository\org\springframework\spring-context\6.1.4\spring-context-6.1.4.jar;C:\Users\2484894\.m2\repository\org\springframework\spring-expression\6.1.4\spring-expression-6.1.4.jar;C:\Users\2484894\.m2\repository\org\springframework\boot\spring-boot-starter-security\3.2.3\spring-boot-starter-security-3.2.3.jar;C:\Users\2484894\.m2\repository\org\springframework\spring-aop\6.1.4\spring-aop-6.1.4.jar;C:\Users\2484894\.m2\repository\org\springframework\security\spring-security-config\6.2.2\spring-security-config-6.2.2.jar;C:\Users\2484894\.m2\repository\org\springframework\security\spring-security-web\6.2.2\spring-security-web-6.2.2.jar;C:\Users\2484894\.m2\repository\org\springframework\boot\spring-boot-starter-data-jpa\3.2.3\spring-boot-starter-data-jpa-3.2.3.jar;C:\Users\2484894\.m2\repository\org\springframework\boot\spring-boot-starter-aop\3.2.3\spring-boot-starter-aop-3.2.3.jar;C:\Users\2484894\.m2\repository\org\aspectj\aspectjweaver\1.9.21\aspectjweaver-1.9.21.jar;C:\Users\2484894\.m2\repository\org\springframework\boot\spring-boot-starter-jdbc\3.2.3\spring-boot-starter-jdbc-3.2.3.jar;C:\Users\2484894\.m2\repository\com\zaxxer\HikariCP\5.0.1\HikariCP-5.0.1.jar;C:\Users\2484894\.m2\repository\org\springframework\spring-jdbc\6.1.4\spring-jdbc-6.1.4.jar;C:\Users\2484894\.m2\repository\org\hibernate\orm\hibernate-core\6.4.4.Final\hibernate-core-6.4.4.Final.jar;C:\Users\2484894\.m2\repository\jakarta\persistence\jakarta.persistence-api\3.1.0\jakarta.persistence-api-3.1.0.jar;C:\Users\2484894\.m2\repository\jakarta\transaction\jakarta.transaction-api\2.0.1\jakarta.transaction-api-2.0.1.jar;C:\Users\2484894\.m2\repository\org\jboss\logging\jboss-logging\3.5.3.Final\jboss-logging-3.5.3.Final.jar;C:\Users\2484894\.m2\repository\org\hibernate\common\hibernate-commons-annotations\6.0.6.Final\hibernate-commons-annotations-6.0.6.Final.jar;C:\Users\2484894\.m2\repository\io\smallrye\jandex\3.1.2\jandex-3.1.2.jar;C:\Users\2484894\.m2\repository\com\fasterxml\classmate\1.6.0\classmate-1.6.0.jar;C:\Users\2484894\.m2\repository\net\bytebuddy\byte-buddy\1.14.12\byte-buddy-1.14.12.jar;C:\Users\2484894\.m2\repository\org\glassfish\jaxb\jaxb-runtime\4.0.4\jaxb-runtime-4.0.4.jar;C:\Users\2484894\.m2\repository\org\glassfish\jaxb\jaxb-core\4.0.4\jaxb-core-4.0.4.jar;C:\Users\2484894\.m2\repository\org\eclipse\angus\angus-activation\2.0.1\angus-activation-2.0.1.jar;C:\Users\2484894\.m2\repository\org\glassfish\jaxb\txw2\4.0.4\txw2-4.0.4.jar;C:\Users\2484894\.m2\repository\com\sun\istack\istack-commons-runtime\4.1.2\istack-commons-runtime-4.1.2.jar;C:\Users\2484894\.m2\repository\jakarta\inject\jakarta.inject-api\2.0.1\jakarta.inject-api-2.0.1.jar;C:\Users\2484894\.m2\repository\org\antlr\antlr4-runtime\4.13.0\antlr4-runtime-4.13.0.jar;C:\Users\2484894\.m2\repository\org\springframework\data\spring-data-jpa\3.2.3\spring-data-jpa-3.2.3.jar;C:\Users\2484894\.m2\repository\org\springframework\data\spring-data-commons\3.2.3\spring-data-commons-3.2.3.jar;C:\Users\2484894\.m2\repository\org\springframework\spring-orm\6.1.4\spring-orm-6.1.4.jar;C:\Users\2484894\.m2\repository\org\springframework\spring-tx\6.1.4\spring-tx-6.1.4.jar;C:\Users\2484894\.m2\repository\org\slf4j\slf4j-api\2.0.12\slf4j-api-2.0.12.jar;C:\Users\2484894\.m2\repository\org\springframework\spring-aspects\6.1.4\spring-aspects-6.1.4.jar;C:\Users\2484894\.m2\repository\org\springframework\boot\spring-boot-starter-validation\3.2.3\spring-boot-starter-validation-3.2.3.jar;C:\Users\2484894\.m2\repository\org\apache\tomcat\embed\tomcat-embed-el\10.1.19\tomcat-embed-el-10.1.19.jar;C:\Users\2484894\.m2\repository\org\hibernate\validator\hibernate-validator\8.0.1.Final\hibernate-validator-8.0.1.Final.jar;C:\Users\2484894\.m2\repository\jakarta\validation\jakarta.validation-api\3.0.2\jakarta.validation-api-3.0.2.jar;C:\Users\2484894\.m2\repository\com\mysql\mysql-connector-j\8.3.0\mysql-connector-j-8.3.0.jar;C:\Users\2484894\.m2\repository\io\jsonwebtoken\jjwt-api\0.12.3\jjwt-api-0.12.3.jar;C:\Users\2484894\.m2\repository\io\jsonwebtoken\jjwt-impl\0.12.3\jjwt-impl-0.12.3.jar;C:\Users\2484894\.m2\repository\io\jsonwebtoken\jjwt-jackson\0.12.3\jjwt-jackson-0.12.3.jar;C:\Users\2484894\.m2\repository\org\projectlombok\lombok\1.18.30\lombok-1.18.30.jar;C:\Users\2484894\.m2\repository\org\apache\pdfbox\pdfbox\3.0.1\pdfbox-3.0.1.jar;C:\Users\2484894\.m2\repository\org\apache\pdfbox\pdfbox-io\3.0.1\pdfbox-io-3.0.1.jar;C:\Users\2484894\.m2\repository\org\apache\pdfbox\fontbox\3.0.1\fontbox-3.0.1.jar;C:\Users\2484894\.m2\repository\commons-logging\commons-logging\1.2\commons-logging-1.2.jar;C:\Users\2484894\.m2\repository\org\junit\jupiter\junit-jupiter\5.10.2\junit-jupiter-5.10.2.jar;C:\Users\2484894\.m2\repository\org\junit\jupiter\junit-jupiter-api\5.10.2\junit-jupiter-api-5.10.2.jar;C:\Users\2484894\.m2\repository\org\opentest4j\opentest4j\1.3.0\opentest4j-1.3.0.jar;C:\Users\2484894\.m2\repository\org\junit\platform\junit-platform-commons\1.10.2\junit-platform-commons-1.10.2.jar;C:\Users\2484894\.m2\repository\org\apiguardian\apiguardian-api\1.1.2\apiguardian-api-1.1.2.jar;C:\Users\2484894\.m2\repository\org\junit\jupiter\junit-jupiter-params\5.10.2\junit-jupiter-params-5.10.2.jar;C:\Users\2484894\.m2\repository\org\junit\jupiter\junit-jupiter-engine\5.10.2\junit-jupiter-engine-5.10.2.jar;C:\Users\2484894\.m2\repository\org\junit\platform\junit-platform-engine\1.10.2\junit-platform-engine-1.10.2.jar;C:\Users\2484894\.m2\repository\com\fasterxml\jackson\core\jackson-databind\2.15.4\jackson-databind-2.15.4.jar;C:\Users\2484894\.m2\repository\com\fasterxml\jackson\core\jackson-annotations\2.15.4\jackson-annotations-2.15.4.jar;C:\Users\2484894\.m2\repository\com\fasterxml\jackson\core\jackson-core\2.15.4\jackson-core-2.15.4.jar;C:\Users\2484894\.m2\repository\jakarta\xml\bind\jakarta.xml.bind-api\4.0.1\jakarta.xml.bind-api-4.0.1.jar;C:\Users\2484894\.m2\repository\jakarta\activation\jakarta.activation-api\2.1.2\jakarta.activation-api-2.1.2.jar;C:\Users\2484894\.m2\repository\org\springframework\spring-core\6.1.4\spring-core-6.1.4.jar;C:\Users\2484894\.m2\repository\org\springframework\spring-jcl\6.1.4\spring-jcl-6.1.4.jar;C:\Users\2484894\.m2\repository\org\springframework\security\spring-security-core\6.2.2\spring-security-core-6.2.2.jar;C:\Users\2484894\.m2\repository\org\springframework\security\spring-security-crypto\6.2.2\spring-security-crypto-6.2.2.jar
Launcher Type: SUN_STANDARD

[Global flags]
     intx CICompilerCount                          = 4                                         {product} {ergonomic}
     uint ConcGCThreads                            = 3                                         {product} {ergonomic}
     uint G1ConcRefinementThreads                  = 10                                        {product} {ergonomic}
   size_t G1HeapRegionSize                         = 2097152                                   {product} {ergonomic}
    uintx GCDrainStackTargetSize                   = 64                                        {product} {ergonomic}
   size_t InitialHeapSize                          = 260046848                                 {product} {ergonomic}
   size_t MarkStackSize                            = 4194304                                   {product} {ergonomic}
   size_t MaxHeapSize                              = 4160749568                                {product} {ergonomic}
   size_t MaxNewSize                               = 2495610880                                {product} {ergonomic}
   size_t MinHeapDeltaBytes                        = 2097152                                   {product} {ergonomic}
   size_t MinHeapSize                              = 8388608                                   {product} {ergonomic}
    uintx NonNMethodCodeHeapSize                   = 4096                                   {pd product} {ergonomic}
    uintx NonProfiledCodeHeapSize                  = 0                                      {pd product} {ergonomic}
     bool ProfileInterpreter                       = false                                  {pd product} {command line}
    uintx ProfiledCodeHeapSize                     = 0                                      {pd product} {ergonomic}
   size_t SoftMaxHeapSize                          = 4160749568                             {manageable} {ergonomic}
     intx TieredStopAtLevel                        = 1                                         {product} {command line}
     bool UseCompressedOops                        = true                           {product lp64_product} {ergonomic}
     bool UseG1GC                                  = true                                      {product} {ergonomic}
     bool UseLargePagesIndividualAllocation        = false                                  {pd product} {ergonomic}

Logging:
Log output configuration:
 #0: stdout all=warning uptime,level,tags foldmultilines=false
 #1: stderr all=off uptime,level,tags foldmultilines=false

Environment Variables:
PATH=C:\Program Files\Common Files\Oracle\Java\javapath;C:\Windows\system32;C:\Windows;C:\Windows\System32\Wbem;C:\Windows\System32\WindowsPowerShell\v1.0\;C:\Windows\System32\OpenSSH\;C:\Program Files\Amazon\AWSCLIV2\;C:\Program Files\Git\cmd;C:\Program Files\nodejs\;C:\Program Files\MySQL\MySQL Shell 8.0\bin\;C:\Users\2484894\AppData\Local\Microsoft\WindowsApps;C:\Users\2484894\AppData\Roaming\npm
USERNAME=2484894
OS=Windows_NT
PROCESSOR_IDENTIFIER=Intel64 Family 6 Model 186 Stepping 3, GenuineIntel
TMP=C:\Users\2484894\AppData\Local\Temp
TEMP=C:\Users\2484894\AppData\Local\Temp




---------------  S Y S T E M  ---------------

OS:
 Windows 11 , 64 bit Build 26100 (10.0.26100.7920)
OS uptime: 0 days 12:26 hours
Hyper-V role detected

CPU: total 12 (initial active 12) (6 cores per cpu, 2 threads per core) family 6 model 186 stepping 3 microcode 0x5105, cx8, cmov, fxsr, ht, mmx, 3dnowpref, sse, sse2, sse3, ssse3, sse4.1, sse4.2, popcnt, lzcnt, tsc, tscinvbit, avx, avx2, aes, erms, clmul, bmi1, bmi2, adx, sha, fma, vzeroupper, clflush, clflushopt, clwb, hv, serialize, rdtscp, rdpid, fsrm, f16c, cet_ibt, cet_ss
Processor Information for all 12 processors :
  Max Mhz: 1400, Current Mhz: 1400, Mhz Limit: 1400

Memory: 4k page, system-wide physical 15867M (1840M free)
TotalPageFile size 56827M (AvailPageFile size 27M)
current process WorkingSet (physical memory assigned to process): 273M, peak: 318M
current process commit charge ("private bytes"): 344M, peak: 376M

vm_info: Java HotSpot(TM) 64-Bit Server VM (21+35-LTS-2513) for windows-amd64 JRE (21+35-LTS-2513), built on 2023-08-09T20:25:10Z by "mach5one" with MS VC++ 17.1 (VS2022)

END.
